Change Component Footprint: Designator=J1 Old Footprint=WE-EPLE New Footprint=61400416121
Change Component Comment : Designator=J1 Old Comment=8492121 New Comment=61400416121
Change Component Designator: OldDesignator=1 NewDesignator=LED7
Change Component Designator: OldDesignator=2 NewDesignator=LED8
Change Component Designator: OldDesignator=3 NewDesignator=LED9
Change Component Designator: OldDesignator=4 NewDesignator=LED10
Change Component Designator: OldDesignator=5 NewDesignator=LED11
Change Component Designator: OldDesignator=6 NewDesignator=LED12
Change Component Designator: OldDesignator=7 NewDesignator=LED13
Change Component Designator: OldDesignator=8 NewDesignator=LED14
Change Component Designator: OldDesignator=SCL NewDesignator=P11
Change component parameters: Designator = "J1"; Footprint = "61400416121"; UniqueID = "\BWWTMROI\LLFPHNYA"
Change component parameters. Clean all parameters for all variants
Change component parameters (AddParameter): Name = "Connector Type"; Value = "USB2.0TypeB"; VariantName = "[No Variations]"
Change component parameters (AddParameter): Name = "Contact Resistance"; Value = "20mOhm"; VariantName = "[No Variations]"
Change component parameters (AddParameter): Name = "Datasheet URL"; Value = "https://katalog.we-online.de/em/datasheet/61400416121.pdf"; VariantName = "[No Variations]"
Change component parameters (AddParameter): Name = "Gender"; Value = "Receptacle"; VariantName = "[No Variations]"
Change component parameters (AddParameter): Name = "Manufacturer"; Value = "Wurth Elektronik"; VariantName = "[No Variations]"
Change component parameters (AddParameter): Name = "Manufacturer URL"; Value = "http://www.we-online.de"; VariantName = "[No Variations]"
Change component parameters (AddParameter): Name = "Mounting Technology"; Value = "THT"; VariantName = "[No Variations]"
Change component parameters (AddParameter): Name = "Operating Temperature"; Value = "-40to105degC"; VariantName = "[No Variations]"
Change component parameters (AddParameter): Name = "Orientation"; Value = "Horizontal"; VariantName = "[No Variations]"
Change component parameters (AddParameter): Name = "Package Reference"; Value = "61400416121"; VariantName = "[No Variations]"
Change component parameters (AddParameter): Name = "Packaging"; Value = "Tray"; VariantName = "[No Variations]"
Change component parameters (AddParameter): Name = "Part Number"; Value = "61400416121"; VariantName = "[No Variations]"
Change component parameters (AddParameter): Name = "Publisher"; Value = "WurthElektronik"; VariantName = "[No Variations]"
Change component parameters (AddParameter): Name = "Rated Current"; Value = "1.5A"; VariantName = "[No Variations]"
Change component parameters (AddParameter): Name = "Working Voltage"; Value = "30VAC"; VariantName = "[No Variations]"
Added Member To Class: ClassName=U_Serial Member=Component P10 Header 13X2A
Added Room: Name=U_Arduino
Added Room: Name=U_Eurocard VME 3U (3
Added Room: Name=U_Peripherals
Added Room: Name=U_Ports
Added Room: Name=U_Serial
