Removed Pin From Net: NetName=GND Pin=C3-1
Removed Pin From Net: NetName=VCC_5V Pin=C4-2
Removed Pin From Net: NetName=GND Pin=C7-1
Removed Pin From Net: NetName=GND Pin=C8-1
Removed Pin From Net: NetName=GND Pin=C9-1
Removed Pin From Net: NetName=VCC_5V Pin=C9-2
Removed Pin From Net: NetName=NetC10_2 Pin=C10-2
Removed Pin From Net: NetName=GND Pin=C11-1
Removed Pin From Net: NetName=NetC10_2 Pin=C11-2
Removed Pin From Net: NetName=GND Pin=C12-1
Removed Pin From Net: NetName=NetC1_2 Pin=U1-1
Removed Pin From Net: NetName=NetC1_1 Pin=U1-3
Removed Pin From Net: NetName=NetC2_2 Pin=U1-4
Removed Pin From Net: NetName=NetC2_1 Pin=U1-5
Removed Pin From Net: NetName=NetC5_2 Pin=U2-1
Removed Pin From Net: NetName=NetC5_1 Pin=U2-3
Removed Pin From Net: NetName=NetC6_2 Pin=U2-4
Removed Pin From Net: NetName=NetC6_1 Pin=U2-5
Change Component Footprint: Designator=C11 Old Footprint=CAPC1206(3216)130_M New Footprint=CAPC0805(2012)100_M
Change Component Footprint: Designator=C12 Old Footprint=CAPC1206(3216)130_M New Footprint=CAPC0805(2012)100_M
Change Component Footprint: Designator=C1 Old Footprint=CAPC1206(3216)170_M New Footprint=CAPC0805(2012)100_M
Change Component Footprint: Designator=C2 Old Footprint=CAPC1206(3216)170_M New Footprint=CAPC0805(2012)100_M
Change Component Footprint: Designator=C3 Old Footprint=CAPC1206(3216)170_M New Footprint=CAPC0805(2012)100_M
Change Component Footprint: Designator=C4 Old Footprint=CAPC1206(3216)170_M New Footprint=CAPC0805(2012)100_M
Change Component Footprint: Designator=C5 Old Footprint=CAPC1206(3216)170_M New Footprint=CAPC0805(2012)100_M
Change Component Footprint: Designator=C6 Old Footprint=CAPC1206(3216)170_M New Footprint=CAPC0805(2012)100_M
Change Component Footprint: Designator=C7 Old Footprint=CAPC1206(3216)170_M New Footprint=CAPC0805(2012)100_M
Change Component Footprint: Designator=C8 Old Footprint=CAPC1206(3216)170_M New Footprint=CAPC0805(2012)100_M
Change Component Footprint: Designator=C9 Old Footprint=CAPC1206(3216)190_L New Footprint=CAPC0805(2012)100_M
Change Component Footprint: Designator=C10 Old Footprint=CAPC1206(3216)190_L New Footprint=CAPC0805(2012)100_M
Change Component Designator: OldDesignator=LED3 NewDesignator=LED4
Change Component Designator: OldDesignator=LED4 NewDesignator=LED3
Change Component Designator: OldDesignator=LED5 NewDesignator=LED6
Change Component Designator: OldDesignator=LED6 NewDesignator=LED5
Change component parameters: Designator = "C1"; Footprint = "CAPC0805(2012)100_M"; UniqueID = "\BWWTMROI\JJKQLLWJ"
Change component parameters. Clean all parameters for all variants
Change component parameters (AddParameter): Name = "Case-EIA"; Value = "0805"; VariantName = "[No Variations]"
Change component parameters (AddParameter): Name = "Case-Metric"; Value = "2012"; VariantName = "[No Variations]"
Change component parameters (AddParameter): Name = "Max Thickness"; Value = "1 mm"; VariantName = "[No Variations]"
Change component parameters (AddParameter): Name = "Rated Voltage"; Value = "25 V"; VariantName = "[No Variations]"
Change component parameters (AddParameter): Name = "Technology"; Value = "SMT"; VariantName = "[No Variations]"
Change component parameters (AddParameter): Name = "Tolerance"; Value = "±10%"; VariantName = "[No Variations]"
Change component parameters (AddParameter): Name = "Value"; Value = "1uF"; VariantName = "[No Variations]"
Change component parameters: Designator = "C2"; Footprint = "CAPC0805(2012)100_M"; UniqueID = "\BWWTMROI\LYSXWEIA"
Change component parameters. Clean all parameters for all variants
Change component parameters (AddParameter): Name = "Case-EIA"; Value = "0805"; VariantName = "[No Variations]"
Change component parameters (AddParameter): Name = "Case-Metric"; Value = "2012"; VariantName = "[No Variations]"
Change component parameters (AddParameter): Name = "Max Thickness"; Value = "1 mm"; VariantName = "[No Variations]"
Change component parameters (AddParameter): Name = "Rated Voltage"; Value = "25 V"; VariantName = "[No Variations]"
Change component parameters (AddParameter): Name = "Technology"; Value = "SMT"; VariantName = "[No Variations]"
Change component parameters (AddParameter): Name = "Tolerance"; Value = "±10%"; VariantName = "[No Variations]"
Change component parameters (AddParameter): Name = "Value"; Value = "1uF"; VariantName = "[No Variations]"
Change component parameters: Designator = "C3"; Footprint = "CAPC0805(2012)100_M"; UniqueID = "\BWWTMROI\OHTYISTC"
Change component parameters. Clean all parameters for all variants
Change component parameters (AddParameter): Name = "Case-EIA"; Value = "0805"; VariantName = "[No Variations]"
Change component parameters (AddParameter): Name = "Case-Metric"; Value = "2012"; VariantName = "[No Variations]"
Change component parameters (AddParameter): Name = "Max Thickness"; Value = "1 mm"; VariantName = "[No Variations]"
Change component parameters (AddParameter): Name = "Rated Voltage"; Value = "25 V"; VariantName = "[No Variations]"
Change component parameters (AddParameter): Name = "Technology"; Value = "SMT"; VariantName = "[No Variations]"
Change component parameters (AddParameter): Name = "Tolerance"; Value = "±10%"; VariantName = "[No Variations]"
Change component parameters (AddParameter): Name = "Value"; Value = "1uF"; VariantName = "[No Variations]"
Change component parameters: Designator = "C4"; Footprint = "CAPC0805(2012)100_M"; UniqueID = "\BWWTMROI\DIJCEGMD"
Change component parameters. Clean all parameters for all variants
Change component parameters (AddParameter): Name = "Case-EIA"; Value = "0805"; VariantName = "[No Variations]"
Change component parameters (AddParameter): Name = "Case-Metric"; Value = "2012"; VariantName = "[No Variations]"
Change component parameters (AddParameter): Name = "Max Thickness"; Value = "1 mm"; VariantName = "[No Variations]"
Change component parameters (AddParameter): Name = "Rated Voltage"; Value = "25 V"; VariantName = "[No Variations]"
Change component parameters (AddParameter): Name = "Technology"; Value = "SMT"; VariantName = "[No Variations]"
Change component parameters (AddParameter): Name = "Tolerance"; Value = "±10%"; VariantName = "[No Variations]"
Change component parameters (AddParameter): Name = "Value"; Value = "1uF"; VariantName = "[No Variations]"
Change component parameters: Designator = "C5"; Footprint = "CAPC0805(2012)100_M"; UniqueID = "\BWWTMROI\OHBRGUGX"
Change component parameters. Clean all parameters for all variants
Change component parameters (AddParameter): Name = "Case-EIA"; Value = "0805"; VariantName = "[No Variations]"
Change component parameters (AddParameter): Name = "Case-Metric"; Value = "2012"; VariantName = "[No Variations]"
Change component parameters (AddParameter): Name = "Max Thickness"; Value = "1 mm"; VariantName = "[No Variations]"
Change component parameters (AddParameter): Name = "Rated Voltage"; Value = "25 V"; VariantName = "[No Variations]"
Change component parameters (AddParameter): Name = "Technology"; Value = "SMT"; VariantName = "[No Variations]"
Change component parameters (AddParameter): Name = "Tolerance"; Value = "±10%"; VariantName = "[No Variations]"
Change component parameters (AddParameter): Name = "Value"; Value = "1uF"; VariantName = "[No Variations]"
Change component parameters: Designator = "C6"; Footprint = "CAPC0805(2012)100_M"; UniqueID = "\BWWTMROI\PNPJXKTI"
Change component parameters. Clean all parameters for all variants
Change component parameters (AddParameter): Name = "Case-EIA"; Value = "0805"; VariantName = "[No Variations]"
Change component parameters (AddParameter): Name = "Case-Metric"; Value = "2012"; VariantName = "[No Variations]"
Change component parameters (AddParameter): Name = "Max Thickness"; Value = "1 mm"; VariantName = "[No Variations]"
Change component parameters (AddParameter): Name = "Rated Voltage"; Value = "25 V"; VariantName = "[No Variations]"
Change component parameters (AddParameter): Name = "Technology"; Value = "SMT"; VariantName = "[No Variations]"
Change component parameters (AddParameter): Name = "Tolerance"; Value = "±10%"; VariantName = "[No Variations]"
Change component parameters (AddParameter): Name = "Value"; Value = "1uF"; VariantName = "[No Variations]"
Change component parameters: Designator = "C7"; Footprint = "CAPC0805(2012)100_M"; UniqueID = "\BWWTMROI\WBTCOVJU"
Change component parameters. Clean all parameters for all variants
Change component parameters (AddParameter): Name = "Case-EIA"; Value = "0805"; VariantName = "[No Variations]"
Change component parameters (AddParameter): Name = "Case-Metric"; Value = "2012"; VariantName = "[No Variations]"
Change component parameters (AddParameter): Name = "Max Thickness"; Value = "1 mm"; VariantName = "[No Variations]"
Change component parameters (AddParameter): Name = "Rated Voltage"; Value = "25 V"; VariantName = "[No Variations]"
Change component parameters (AddParameter): Name = "Technology"; Value = "SMT"; VariantName = "[No Variations]"
Change component parameters (AddParameter): Name = "Tolerance"; Value = "±10%"; VariantName = "[No Variations]"
Change component parameters (AddParameter): Name = "Value"; Value = "1uF"; VariantName = "[No Variations]"
Change component parameters: Designator = "C8"; Footprint = "CAPC0805(2012)100_M"; UniqueID = "\BWWTMROI\MVPFGGNJ"
Change component parameters. Clean all parameters for all variants
Change component parameters (AddParameter): Name = "Case-EIA"; Value = "0805"; VariantName = "[No Variations]"
Change component parameters (AddParameter): Name = "Case-Metric"; Value = "2012"; VariantName = "[No Variations]"
Change component parameters (AddParameter): Name = "Max Thickness"; Value = "1 mm"; VariantName = "[No Variations]"
Change component parameters (AddParameter): Name = "Rated Voltage"; Value = "25 V"; VariantName = "[No Variations]"
Change component parameters (AddParameter): Name = "Technology"; Value = "SMT"; VariantName = "[No Variations]"
Change component parameters (AddParameter): Name = "Tolerance"; Value = "±10%"; VariantName = "[No Variations]"
Change component parameters (AddParameter): Name = "Value"; Value = "1uF"; VariantName = "[No Variations]"
Change component parameters: Designator = "C9"; Footprint = "CAPC0805(2012)100_M"; UniqueID = "\BWWTMROI\AQAYXWAC"
Change component parameters. Clean all parameters for all variants
Change component parameters (AddParameter): Name = "Case-EIA"; Value = "0805"; VariantName = "[No Variations]"
Change component parameters (AddParameter): Name = "Case-Metric"; Value = "2012"; VariantName = "[No Variations]"
Change component parameters (AddParameter): Name = "Max Thickness"; Value = "1 mm"; VariantName = "[No Variations]"
Change component parameters (AddParameter): Name = "Rated Voltage"; Value = "25 V"; VariantName = "[No Variations]"
Change component parameters (AddParameter): Name = "Technology"; Value = "SMT"; VariantName = "[No Variations]"
Change component parameters (AddParameter): Name = "Tolerance"; Value = "±10%"; VariantName = "[No Variations]"
Change component parameters (AddParameter): Name = "Value"; Value = "100nF"; VariantName = "[No Variations]"
Change component parameters: Designator = "C10"; Footprint = "CAPC0805(2012)100_M"; UniqueID = "\BWWTMROI\LELBIJUP"
Change component parameters. Clean all parameters for all variants
Change component parameters (AddParameter): Name = "Case-EIA"; Value = "0805"; VariantName = "[No Variations]"
Change component parameters (AddParameter): Name = "Case-Metric"; Value = "2012"; VariantName = "[No Variations]"
Change component parameters (AddParameter): Name = "Max Thickness"; Value = "1 mm"; VariantName = "[No Variations]"
Change component parameters (AddParameter): Name = "Rated Voltage"; Value = "25 V"; VariantName = "[No Variations]"
Change component parameters (AddParameter): Name = "Technology"; Value = "SMT"; VariantName = "[No Variations]"
Change component parameters (AddParameter): Name = "Tolerance"; Value = "±10%"; VariantName = "[No Variations]"
Change component parameters (AddParameter): Name = "Value"; Value = "100nF"; VariantName = "[No Variations]"
Change component parameters: Designator = "C11"; Footprint = "CAPC0805(2012)100_M"; UniqueID = "\BWWTMROI\WXZQXJQX"
Change component parameters. Clean all parameters for all variants
Change component parameters (AddParameter): Name = "Case-EIA"; Value = "0805"; VariantName = "[No Variations]"
Change component parameters (AddParameter): Name = "Case-Metric"; Value = "2012"; VariantName = "[No Variations]"
Change component parameters (AddParameter): Name = "Max Thickness"; Value = "1 mm"; VariantName = "[No Variations]"
Change component parameters (AddParameter): Name = "Rated Voltage"; Value = "25 V"; VariantName = "[No Variations]"
Change component parameters (AddParameter): Name = "Technology"; Value = "SMT"; VariantName = "[No Variations]"
Change component parameters (AddParameter): Name = "Tolerance"; Value = "±10%"; VariantName = "[No Variations]"
Change component parameters (AddParameter): Name = "Value"; Value = "10nF"; VariantName = "[No Variations]"
Change component parameters: Designator = "C12"; Footprint = "CAPC0805(2012)100_M"; UniqueID = "\BWWTMROI\KNEGWDIO"
Change component parameters. Clean all parameters for all variants
Change component parameters (AddParameter): Name = "Case-EIA"; Value = "0805"; VariantName = "[No Variations]"
Change component parameters (AddParameter): Name = "Case-Metric"; Value = "2012"; VariantName = "[No Variations]"
Change component parameters (AddParameter): Name = "Max Thickness"; Value = "1 mm"; VariantName = "[No Variations]"
Change component parameters (AddParameter): Name = "Rated Voltage"; Value = "25 V"; VariantName = "[No Variations]"
Change component parameters (AddParameter): Name = "Technology"; Value = "SMT"; VariantName = "[No Variations]"
Change component parameters (AddParameter): Name = "Tolerance"; Value = "±10%"; VariantName = "[No Variations]"
Change component parameters (AddParameter): Name = "Value"; Value = "10nF"; VariantName = "[No Variations]"
Added Pin To Net: NetName=GND Pin=C3-2
Added Pin To Net: NetName=VCC_5V Pin=C4-1
Added Pin To Net: NetName=GND Pin=C7-2
Added Pin To Net: NetName=GND Pin=C8-2
Added Pin To Net: NetName=VCC_5V Pin=C9-1
Added Pin To Net: NetName=GND Pin=C9-2
Added Pin To Net: NetName=NetC10_2 Pin=C10-1
Added Pin To Net: NetName=NetC10_2 Pin=C11-1
Added Pin To Net: NetName=GND Pin=C11-2
Added Pin To Net: NetName=GND Pin=C12-2
Added Pin To Net: NetName=NetC1_1 Pin=U1-1
Added Pin To Net: NetName=NetC1_2 Pin=U1-3
Added Pin To Net: NetName=NetC2_1 Pin=U1-4
Added Pin To Net: NetName=NetC2_2 Pin=U1-5
Added Pin To Net: NetName=NetC5_1 Pin=U2-1
Added Pin To Net: NetName=NetC5_2 Pin=U2-3
Added Pin To Net: NetName=NetC6_1 Pin=U2-4
Added Pin To Net: NetName=NetC6_2 Pin=U2-5
Change Net Name : Old Net Name=NetC10_2 New Net Name=NetC10_1
Change Net Name : Old Net Name=NetLED3_2 New Net Name=NetLED4_2
Change Net Name : Old Net Name=NetLED4_2 New Net Name=NetLED3_2
Change Net Name : Old Net Name=NetLED5_1 New Net Name=NetLED6_1
Change Net Name : Old Net Name=NetLED6_1 New Net Name=NetLED5_1
Added Pin To Net: NetName=NetC3_1 Pin=C3-1
Added Pin To Net: NetName=NetC3_1 Pin=U1-6
Added Net: Name=NetC3_1
Added Pin To Net: NetName=NetC4_2 Pin=C4-2
Added Pin To Net: NetName=NetC4_2 Pin=U1-2
Added Net: Name=NetC4_2
Added Pin To Net: NetName=NetC7_1 Pin=C7-1
Added Pin To Net: NetName=NetC7_1 Pin=U2-6
Added Net: Name=NetC7_1
Added Pin To Net: NetName=NetC8_1 Pin=C8-1
Added Pin To Net: NetName=NetC8_1 Pin=U2-2
Added Net: Name=NetC8_1
Added Pin To Net: NetName=NetC10_2 Pin=C10-2
Added Pin To Net: NetName=NetC10_2 Pin=Q1-1
Added Pin To Net: NetName=NetC10_2 Pin=R8-2
Added Net: Name=NetC10_2
Added Pin To Net: NetName=NetC12_1 Pin=C12-1
Added Pin To Net: NetName=NetC12_1 Pin=U3-17
Added Net: Name=NetC12_1
Added Room: Name=U_Arduino
Added Room: Name=U_Eurocard VME 3U (3
Added Room: Name=U_Peripherals
Added Room: Name=U_Ports
Added Room: Name=U_Serial
