Removed Pin From Net: NetName=VCC_5V Pin=C10-1
Removed Pin From Net: NetName=VCC_5V Pin=C11-2
Removed Pin From Net: NetName=VCC_5V Pin=J1-1
Removed Pin From Net: NetName=VCC_5V Pin=Q1-2
Removed Pin From Net: NetName=VCC_5V Pin=U3-4
Removed Pin From Net: NetName=VCC_5V Pin=U3-20
Change Component Designator: OldDesignator=SCL NewDesignator=P11
Added Component: Designator=D1(MCSM-DO-35-2)
Add component. Clean all parameters for all variants
Add component (AddParameter): Name = "Breakdown Voltage"; Value = "100V"; VariantName = "[No Variations]"
Add component (AddParameter): Name = "Configuration"; Value = "Single"; VariantName = "[No Variations]"
Add component (AddParameter): Name = "Datasheet URL"; Value = "http://www.microsemi.com/document-portal/doc_download/125211-lds-0281"; VariantName = "[No Variations]"
Add component (AddParameter): Name = "Datasheet Version"; Value = "Rev. 1, 11/2012"; VariantName = "[No Variations]"
Add component (AddParameter): Name = "Manufacturer"; Value = "Microsemi"; VariantName = "[No Variations]"
Add component (AddParameter): Name = "Manufacturer URL"; Value = "http://www.microsemi.com/"; VariantName = "[No Variations]"
Add component (AddParameter): Name = "Mounting"; Value = "ThroughHole"; VariantName = "[No Variations]"
Add component (AddParameter): Name = "Mounting Technology"; Value = "ThroughHole"; VariantName = "[No Variations]"
Add component (AddParameter): Name = "Operating Temperature"; Value = "-65to200°C"; VariantName = "[No Variations]"
Add component (AddParameter): Name = "Output Current"; Value = "0.2A"; VariantName = "[No Variations]"
Add component (AddParameter): Name = "Package"; Value = "2DO-35"; VariantName = "[No Variations]"
Add component (AddParameter): Name = "Package Description"; Value = "2-Pin Axial Lead, Dia 1.665 mm, Body Length 4.065 mm"; VariantName = "[No Variations]"
Add component (AddParameter): Name = "Package Reference"; Value = "DO-35-2"; VariantName = "[No Variations]"
Add component (AddParameter): Name = "Packaging"; Value = "Bulk"; VariantName = "[No Variations]"
Add component (AddParameter): Name = "PartNumber"; Value = "1N4148-1"; VariantName = "[No Variations]"
Add component (AddParameter): Name = "Peak Average Forward Current"; Value = "0.2A"; VariantName = "[No Variations]"
Add component (AddParameter): Name = "Peak Forward Voltage"; Value = "1.2@0.1AV"; VariantName = "[No Variations]"
Add component (AddParameter): Name = "Peak Reverse Current"; Value = "0.5uA"; VariantName = "[No Variations]"
Add component (AddParameter): Name = "Peak Reverse Recovery Time"; Value = "5ns"; VariantName = "[No Variations]"
Add component (AddParameter): Name = "Peak Reverse Repetitive Voltage"; Value = "75V"; VariantName = "[No Variations]"
Add component (AddParameter): Name = "Rad Hard"; Value = "No"; VariantName = "[No Variations]"
Add component (AddParameter): Name = "Type"; Value = "SwitchingDiode"; VariantName = "[No Variations]"
Added Component: Designator=D2(MCSM-DO-35-2)
Add component. Clean all parameters for all variants
Add component (AddParameter): Name = "Breakdown Voltage"; Value = "100V"; VariantName = "[No Variations]"
Add component (AddParameter): Name = "Configuration"; Value = "Single"; VariantName = "[No Variations]"
Add component (AddParameter): Name = "Datasheet URL"; Value = "http://www.microsemi.com/document-portal/doc_download/125211-lds-0281"; VariantName = "[No Variations]"
Add component (AddParameter): Name = "Datasheet Version"; Value = "Rev. 1, 11/2012"; VariantName = "[No Variations]"
Add component (AddParameter): Name = "Manufacturer"; Value = "Microsemi"; VariantName = "[No Variations]"
Add component (AddParameter): Name = "Manufacturer URL"; Value = "http://www.microsemi.com/"; VariantName = "[No Variations]"
Add component (AddParameter): Name = "Mounting"; Value = "ThroughHole"; VariantName = "[No Variations]"
Add component (AddParameter): Name = "Mounting Technology"; Value = "ThroughHole"; VariantName = "[No Variations]"
Add component (AddParameter): Name = "Operating Temperature"; Value = "-65to200°C"; VariantName = "[No Variations]"
Add component (AddParameter): Name = "Output Current"; Value = "0.2A"; VariantName = "[No Variations]"
Add component (AddParameter): Name = "Package"; Value = "2DO-35"; VariantName = "[No Variations]"
Add component (AddParameter): Name = "Package Description"; Value = "2-Pin Axial Lead, Dia 1.665 mm, Body Length 4.065 mm"; VariantName = "[No Variations]"
Add component (AddParameter): Name = "Package Reference"; Value = "DO-35-2"; VariantName = "[No Variations]"
Add component (AddParameter): Name = "Packaging"; Value = "Bulk"; VariantName = "[No Variations]"
Add component (AddParameter): Name = "PartNumber"; Value = "1N4148-1"; VariantName = "[No Variations]"
Add component (AddParameter): Name = "Peak Average Forward Current"; Value = "0.2A"; VariantName = "[No Variations]"
Add component (AddParameter): Name = "Peak Forward Voltage"; Value = "1.2@0.1AV"; VariantName = "[No Variations]"
Add component (AddParameter): Name = "Peak Reverse Current"; Value = "0.5uA"; VariantName = "[No Variations]"
Add component (AddParameter): Name = "Peak Reverse Recovery Time"; Value = "5ns"; VariantName = "[No Variations]"
Add component (AddParameter): Name = "Peak Reverse Repetitive Voltage"; Value = "75V"; VariantName = "[No Variations]"
Add component (AddParameter): Name = "Rad Hard"; Value = "No"; VariantName = "[No Variations]"
Add component (AddParameter): Name = "Type"; Value = "SwitchingDiode"; VariantName = "[No Variations]"
Added Component: Designator=D3(MCSM-DO-35-2)
Add component. Clean all parameters for all variants
Add component (AddParameter): Name = "Breakdown Voltage"; Value = "100V"; VariantName = "[No Variations]"
Add component (AddParameter): Name = "Configuration"; Value = "Single"; VariantName = "[No Variations]"
Add component (AddParameter): Name = "Datasheet URL"; Value = "http://www.microsemi.com/document-portal/doc_download/125211-lds-0281"; VariantName = "[No Variations]"
Add component (AddParameter): Name = "Datasheet Version"; Value = "Rev. 1, 11/2012"; VariantName = "[No Variations]"
Add component (AddParameter): Name = "Manufacturer"; Value = "Microsemi"; VariantName = "[No Variations]"
Add component (AddParameter): Name = "Manufacturer URL"; Value = "http://www.microsemi.com/"; VariantName = "[No Variations]"
Add component (AddParameter): Name = "Mounting"; Value = "ThroughHole"; VariantName = "[No Variations]"
Add component (AddParameter): Name = "Mounting Technology"; Value = "ThroughHole"; VariantName = "[No Variations]"
Add component (AddParameter): Name = "Operating Temperature"; Value = "-65to200°C"; VariantName = "[No Variations]"
Add component (AddParameter): Name = "Output Current"; Value = "0.2A"; VariantName = "[No Variations]"
Add component (AddParameter): Name = "Package"; Value = "2DO-35"; VariantName = "[No Variations]"
Add component (AddParameter): Name = "Package Description"; Value = "2-Pin Axial Lead, Dia 1.665 mm, Body Length 4.065 mm"; VariantName = "[No Variations]"
Add component (AddParameter): Name = "Package Reference"; Value = "DO-35-2"; VariantName = "[No Variations]"
Add component (AddParameter): Name = "Packaging"; Value = "Bulk"; VariantName = "[No Variations]"
Add component (AddParameter): Name = "PartNumber"; Value = "1N4148-1"; VariantName = "[No Variations]"
Add component (AddParameter): Name = "Peak Average Forward Current"; Value = "0.2A"; VariantName = "[No Variations]"
Add component (AddParameter): Name = "Peak Forward Voltage"; Value = "1.2@0.1AV"; VariantName = "[No Variations]"
Add component (AddParameter): Name = "Peak Reverse Current"; Value = "0.5uA"; VariantName = "[No Variations]"
Add component (AddParameter): Name = "Peak Reverse Recovery Time"; Value = "5ns"; VariantName = "[No Variations]"
Add component (AddParameter): Name = "Peak Reverse Repetitive Voltage"; Value = "75V"; VariantName = "[No Variations]"
Add component (AddParameter): Name = "Rad Hard"; Value = "No"; VariantName = "[No Variations]"
Add component (AddParameter): Name = "Type"; Value = "SwitchingDiode"; VariantName = "[No Variations]"
Added Component: Designator=D4(MCSM-DO-35-2)
Add component. Clean all parameters for all variants
Add component (AddParameter): Name = "Breakdown Voltage"; Value = "100V"; VariantName = "[No Variations]"
Add component (AddParameter): Name = "Configuration"; Value = "Single"; VariantName = "[No Variations]"
Add component (AddParameter): Name = "Datasheet URL"; Value = "http://www.microsemi.com/document-portal/doc_download/125211-lds-0281"; VariantName = "[No Variations]"
Add component (AddParameter): Name = "Datasheet Version"; Value = "Rev. 1, 11/2012"; VariantName = "[No Variations]"
Add component (AddParameter): Name = "Manufacturer"; Value = "Microsemi"; VariantName = "[No Variations]"
Add component (AddParameter): Name = "Manufacturer URL"; Value = "http://www.microsemi.com/"; VariantName = "[No Variations]"
Add component (AddParameter): Name = "Mounting"; Value = "ThroughHole"; VariantName = "[No Variations]"
Add component (AddParameter): Name = "Mounting Technology"; Value = "ThroughHole"; VariantName = "[No Variations]"
Add component (AddParameter): Name = "Operating Temperature"; Value = "-65to200°C"; VariantName = "[No Variations]"
Add component (AddParameter): Name = "Output Current"; Value = "0.2A"; VariantName = "[No Variations]"
Add component (AddParameter): Name = "Package"; Value = "2DO-35"; VariantName = "[No Variations]"
Add component (AddParameter): Name = "Package Description"; Value = "2-Pin Axial Lead, Dia 1.665 mm, Body Length 4.065 mm"; VariantName = "[No Variations]"
Add component (AddParameter): Name = "Package Reference"; Value = "DO-35-2"; VariantName = "[No Variations]"
Add component (AddParameter): Name = "Packaging"; Value = "Bulk"; VariantName = "[No Variations]"
Add component (AddParameter): Name = "PartNumber"; Value = "1N4148-1"; VariantName = "[No Variations]"
Add component (AddParameter): Name = "Peak Average Forward Current"; Value = "0.2A"; VariantName = "[No Variations]"
Add component (AddParameter): Name = "Peak Forward Voltage"; Value = "1.2@0.1AV"; VariantName = "[No Variations]"
Add component (AddParameter): Name = "Peak Reverse Current"; Value = "0.5uA"; VariantName = "[No Variations]"
Add component (AddParameter): Name = "Peak Reverse Recovery Time"; Value = "5ns"; VariantName = "[No Variations]"
Add component (AddParameter): Name = "Peak Reverse Repetitive Voltage"; Value = "75V"; VariantName = "[No Variations]"
Add component (AddParameter): Name = "Rad Hard"; Value = "No"; VariantName = "[No Variations]"
Add component (AddParameter): Name = "Type"; Value = "SwitchingDiode"; VariantName = "[No Variations]"
Added Component: Designator=K1(DS1ESDC3V)
Add component. Clean all parameters for all variants
Add component (AddParameter): Name = "Arrow Part Number"; Value = "DS1E-S-DC3V"; VariantName = "[No Variations]"
Add component (AddParameter): Name = "Arrow Price/Stock"; Value = "https://www.arrow.com/en/products/ds1e-s-dc3v/panasonic"; VariantName = "[No Variations]"
Add component (AddParameter): Name = "Datasheet Link"; Value = "https://www.arrow.com/en/products/ds1e-s-dc3v/panasonic"; VariantName = "[No Variations]"
Add component (AddParameter): Name = "Geometry.Height"; Value = "9.9mm"; VariantName = "[No Variations]"
Add component (AddParameter): Name = "Manufacturer_Name"; Value = "Panasonic"; VariantName = "[No Variations]"
Add component (AddParameter): Name = "Manufacturer_Part_Number"; Value = "DS1E-S-DC3V"; VariantName = "[No Variations]"
Added Component: Designator=K2(DS1ESDC3V)
Add component. Clean all parameters for all variants
Add component (AddParameter): Name = "Arrow Part Number"; Value = "DS1E-S-DC3V"; VariantName = "[No Variations]"
Add component (AddParameter): Name = "Arrow Price/Stock"; Value = "https://www.arrow.com/en/products/ds1e-s-dc3v/panasonic"; VariantName = "[No Variations]"
Add component (AddParameter): Name = "Datasheet Link"; Value = "https://www.arrow.com/en/products/ds1e-s-dc3v/panasonic"; VariantName = "[No Variations]"
Add component (AddParameter): Name = "Geometry.Height"; Value = "9.9mm"; VariantName = "[No Variations]"
Add component (AddParameter): Name = "Manufacturer_Name"; Value = "Panasonic"; VariantName = "[No Variations]"
Add component (AddParameter): Name = "Manufacturer_Part_Number"; Value = "DS1E-S-DC3V"; VariantName = "[No Variations]"
Added Component: Designator=K3(DS1ESDC3V)
Add component. Clean all parameters for all variants
Add component (AddParameter): Name = "Arrow Part Number"; Value = "DS1E-S-DC3V"; VariantName = "[No Variations]"
Add component (AddParameter): Name = "Arrow Price/Stock"; Value = "https://www.arrow.com/en/products/ds1e-s-dc3v/panasonic"; VariantName = "[No Variations]"
Add component (AddParameter): Name = "Datasheet Link"; Value = "https://www.arrow.com/en/products/ds1e-s-dc3v/panasonic"; VariantName = "[No Variations]"
Add component (AddParameter): Name = "Geometry.Height"; Value = "9.9mm"; VariantName = "[No Variations]"
Add component (AddParameter): Name = "Manufacturer_Name"; Value = "Panasonic"; VariantName = "[No Variations]"
Add component (AddParameter): Name = "Manufacturer_Part_Number"; Value = "DS1E-S-DC3V"; VariantName = "[No Variations]"
Added Component: Designator=K4(DS1ESDC3V)
Add component. Clean all parameters for all variants
Add component (AddParameter): Name = "Arrow Part Number"; Value = "DS1E-S-DC3V"; VariantName = "[No Variations]"
Add component (AddParameter): Name = "Arrow Price/Stock"; Value = "https://www.arrow.com/en/products/ds1e-s-dc3v/panasonic"; VariantName = "[No Variations]"
Add component (AddParameter): Name = "Datasheet Link"; Value = "https://www.arrow.com/en/products/ds1e-s-dc3v/panasonic"; VariantName = "[No Variations]"
Add component (AddParameter): Name = "Geometry.Height"; Value = "9.9mm"; VariantName = "[No Variations]"
Add component (AddParameter): Name = "Manufacturer_Name"; Value = "Panasonic"; VariantName = "[No Variations]"
Add component (AddParameter): Name = "Manufacturer_Part_Number"; Value = "DS1E-S-DC3V"; VariantName = "[No Variations]"
Added Component: Designator=P14(SCREW-5.0-3WAYS_V)
Add component. Clean all parameters for all variants
Add component (AddParameter): Name = "ComponentLink1Description"; Value = "Datasheet"; VariantName = "[No Variations]"
Add component (AddParameter): Name = "ComponentLink1URL"; Value = "5mm screw terminal in SVN"; VariantName = "[No Variations]"
Add component (AddParameter): Name = "Contact Resistance"; Value = "20 mOhm"; VariantName = "[No Variations]"
Add component (AddParameter): Name = "Insulation Resistance"; Value = "5000 MOhm / 1000 V"; VariantName = "[No Variations]"
Add component (AddParameter): Name = "Manufacturer"; Value = "No Vendor"; VariantName = "[No Variations]"
Add component (AddParameter): Name = "Mounting Technology"; Value = "Through Hole"; VariantName = "[No Variations]"
Add component (AddParameter): Name = "PackageDescription"; Value = "Socket, Screw Terminal Block, 3 Way, Pitch 5 mm, 90 Degree Angle, Through-Hole"; VariantName = "[No Variations]"
Add component (AddParameter): Name = "PartNumber"; Value = "SCREW-5.0/5.08 3WAYS"; VariantName = "[No Variations]"
Add component (AddParameter): Name = "Poles"; Value = "3"; VariantName = "[No Variations]"
Add component (AddParameter): Name = "Rated Current"; Value = "25 A"; VariantName = "[No Variations]"
Add component (AddParameter): Name = "Rated Voltage"; Value = "300 V"; VariantName = "[No Variations]"
Add component (AddParameter): Name = "Temperature Range"; Value = "-40 to 105 degC"; VariantName = "[No Variations]"
Added Component: Designator=P15(SCREW-5.0-3WAYS_V)
Add component. Clean all parameters for all variants
Add component (AddParameter): Name = "ComponentLink1Description"; Value = "Datasheet"; VariantName = "[No Variations]"
Add component (AddParameter): Name = "ComponentLink1URL"; Value = "5mm screw terminal in SVN"; VariantName = "[No Variations]"
Add component (AddParameter): Name = "Contact Resistance"; Value = "20 mOhm"; VariantName = "[No Variations]"
Add component (AddParameter): Name = "Insulation Resistance"; Value = "5000 MOhm / 1000 V"; VariantName = "[No Variations]"
Add component (AddParameter): Name = "Manufacturer"; Value = "No Vendor"; VariantName = "[No Variations]"
Add component (AddParameter): Name = "Mounting Technology"; Value = "Through Hole"; VariantName = "[No Variations]"
Add component (AddParameter): Name = "PackageDescription"; Value = "Socket, Screw Terminal Block, 3 Way, Pitch 5 mm, 90 Degree Angle, Through-Hole"; VariantName = "[No Variations]"
Add component (AddParameter): Name = "PartNumber"; Value = "SCREW-5.0/5.08 3WAYS"; VariantName = "[No Variations]"
Add component (AddParameter): Name = "Poles"; Value = "3"; VariantName = "[No Variations]"
Add component (AddParameter): Name = "Rated Current"; Value = "25 A"; VariantName = "[No Variations]"
Add component (AddParameter): Name = "Rated Voltage"; Value = "300 V"; VariantName = "[No Variations]"
Add component (AddParameter): Name = "Temperature Range"; Value = "-40 to 105 degC"; VariantName = "[No Variations]"
Added Component: Designator=P17(SCREW-5.0-3WAYS_V)
Add component. Clean all parameters for all variants
Add component (AddParameter): Name = "ComponentLink1Description"; Value = "Datasheet"; VariantName = "[No Variations]"
Add component (AddParameter): Name = "ComponentLink1URL"; Value = "5mm screw terminal in SVN"; VariantName = "[No Variations]"
Add component (AddParameter): Name = "Contact Resistance"; Value = "20 mOhm"; VariantName = "[No Variations]"
Add component (AddParameter): Name = "Insulation Resistance"; Value = "5000 MOhm / 1000 V"; VariantName = "[No Variations]"
Add component (AddParameter): Name = "Manufacturer"; Value = "No Vendor"; VariantName = "[No Variations]"
Add component (AddParameter): Name = "Mounting Technology"; Value = "Through Hole"; VariantName = "[No Variations]"
Add component (AddParameter): Name = "PackageDescription"; Value = "Socket, Screw Terminal Block, 3 Way, Pitch 5 mm, 90 Degree Angle, Through-Hole"; VariantName = "[No Variations]"
Add component (AddParameter): Name = "PartNumber"; Value = "SCREW-5.0/5.08 3WAYS"; VariantName = "[No Variations]"
Add component (AddParameter): Name = "Poles"; Value = "3"; VariantName = "[No Variations]"
Add component (AddParameter): Name = "Rated Current"; Value = "25 A"; VariantName = "[No Variations]"
Add component (AddParameter): Name = "Rated Voltage"; Value = "300 V"; VariantName = "[No Variations]"
Add component (AddParameter): Name = "Temperature Range"; Value = "-40 to 105 degC"; VariantName = "[No Variations]"
Added Component: Designator=P18(SCREW-5.0-3WAYS_V)
Add component. Clean all parameters for all variants
Add component (AddParameter): Name = "ComponentLink1Description"; Value = "Datasheet"; VariantName = "[No Variations]"
Add component (AddParameter): Name = "ComponentLink1URL"; Value = "5mm screw terminal in SVN"; VariantName = "[No Variations]"
Add component (AddParameter): Name = "Contact Resistance"; Value = "20 mOhm"; VariantName = "[No Variations]"
Add component (AddParameter): Name = "Insulation Resistance"; Value = "5000 MOhm / 1000 V"; VariantName = "[No Variations]"
Add component (AddParameter): Name = "Manufacturer"; Value = "No Vendor"; VariantName = "[No Variations]"
Add component (AddParameter): Name = "Mounting Technology"; Value = "Through Hole"; VariantName = "[No Variations]"
Add component (AddParameter): Name = "PackageDescription"; Value = "Socket, Screw Terminal Block, 3 Way, Pitch 5 mm, 90 Degree Angle, Through-Hole"; VariantName = "[No Variations]"
Add component (AddParameter): Name = "PartNumber"; Value = "SCREW-5.0/5.08 3WAYS"; VariantName = "[No Variations]"
Add component (AddParameter): Name = "Poles"; Value = "3"; VariantName = "[No Variations]"
Add component (AddParameter): Name = "Rated Current"; Value = "25 A"; VariantName = "[No Variations]"
Add component (AddParameter): Name = "Rated Voltage"; Value = "300 V"; VariantName = "[No Variations]"
Add component (AddParameter): Name = "Temperature Range"; Value = "-40 to 105 degC"; VariantName = "[No Variations]"
Added Component: Designator=Q2(ONSC-TO-92-3-29-11_AM_BL)
Add component. Clean all parameters for all variants
Add component (AddParameter): Name = "ComponentLink1Description"; Value = "Manufacturer URL"; VariantName = "[No Variations]"
Add component (AddParameter): Name = "ComponentLink1URL"; Value = "http://www.onsemi.com/"; VariantName = "[No Variations]"
Add component (AddParameter): Name = "ComponentLink2Description"; Value = "Datasheet"; VariantName = "[No Variations]"
Add component (AddParameter): Name = "ComponentLink2URL"; Value = "http://www.onsemi.com/pub_link/Collateral/BC337-D.PDF"; VariantName = "[No Variations]"
Add component (AddParameter): Name = "ComponentLink3Description"; Value = "Package Specification"; VariantName = "[No Variations]"
Add component (AddParameter): Name = "ComponentLink3URL"; Value = "http://www.onsemi.com/pub_link/Collateral/MAC97-D.PDF"; VariantName = "[No Variations]"
Add component (AddParameter): Name = "DatasheetVersion"; Value = "Rev. 8"; VariantName = "[No Variations]"
Add component (AddParameter): Name = "IC Continuous (A)"; Value = "0.8"; VariantName = "[No Variations]"
Add component (AddParameter): Name = "Manufacturer"; Value = "On Semiconductor"; VariantName = "[No Variations]"
Add component (AddParameter): Name = "Mounting Technology"; Value = "Through Hole"; VariantName = "[No Variations]"
Add component (AddParameter): Name = "PackageDescription"; Value = "3-Pin Transistor Outline, Body 4.825 x 3.685 mm, Pitch 1.27 mm"; VariantName = "[No Variations]"
Add component (AddParameter): Name = "PackageReference"; Value = "TO-92-3-29-11_AM_BL"; VariantName = "[No Variations]"
Add component (AddParameter): Name = "PackageVersion"; Value = "Rev. AM"; VariantName = "[No Variations]"
Add component (AddParameter): Name = "Packing"; Value = "Ammo Box"; VariantName = "[No Variations]"
Add component (AddParameter): Name = "PartNumber"; Value = "BC337-40ZL1G"; VariantName = "[No Variations]"
Add component (AddParameter): Name = "Polarity"; Value = "NPN"; VariantName = "[No Variations]"
Add component (AddParameter): Name = "RoHS"; Value = "TRUE"; VariantName = "[No Variations]"
Added Component: Designator=Q3(ONSC-TO-92-3-29-11_AM_BL)
Add component. Clean all parameters for all variants
Add component (AddParameter): Name = "ComponentLink1Description"; Value = "Manufacturer URL"; VariantName = "[No Variations]"
Add component (AddParameter): Name = "ComponentLink1URL"; Value = "http://www.onsemi.com/"; VariantName = "[No Variations]"
Add component (AddParameter): Name = "ComponentLink2Description"; Value = "Datasheet"; VariantName = "[No Variations]"
Add component (AddParameter): Name = "ComponentLink2URL"; Value = "http://www.onsemi.com/pub_link/Collateral/BC337-D.PDF"; VariantName = "[No Variations]"
Add component (AddParameter): Name = "ComponentLink3Description"; Value = "Package Specification"; VariantName = "[No Variations]"
Add component (AddParameter): Name = "ComponentLink3URL"; Value = "http://www.onsemi.com/pub_link/Collateral/MAC97-D.PDF"; VariantName = "[No Variations]"
Add component (AddParameter): Name = "DatasheetVersion"; Value = "Rev. 8"; VariantName = "[No Variations]"
Add component (AddParameter): Name = "IC Continuous (A)"; Value = "0.8"; VariantName = "[No Variations]"
Add component (AddParameter): Name = "Manufacturer"; Value = "On Semiconductor"; VariantName = "[No Variations]"
Add component (AddParameter): Name = "Mounting Technology"; Value = "Through Hole"; VariantName = "[No Variations]"
Add component (AddParameter): Name = "PackageDescription"; Value = "3-Pin Transistor Outline, Body 4.825 x 3.685 mm, Pitch 1.27 mm"; VariantName = "[No Variations]"
Add component (AddParameter): Name = "PackageReference"; Value = "TO-92-3-29-11_AM_BL"; VariantName = "[No Variations]"
Add component (AddParameter): Name = "PackageVersion"; Value = "Rev. AM"; VariantName = "[No Variations]"
Add component (AddParameter): Name = "Packing"; Value = "Ammo Box"; VariantName = "[No Variations]"
Add component (AddParameter): Name = "PartNumber"; Value = "BC337-40ZL1G"; VariantName = "[No Variations]"
Add component (AddParameter): Name = "Polarity"; Value = "NPN"; VariantName = "[No Variations]"
Add component (AddParameter): Name = "RoHS"; Value = "TRUE"; VariantName = "[No Variations]"
Added Component: Designator=Q4(ONSC-TO-92-3-29-11_AM_BL)
Add component. Clean all parameters for all variants
Add component (AddParameter): Name = "ComponentLink1Description"; Value = "Manufacturer URL"; VariantName = "[No Variations]"
Add component (AddParameter): Name = "ComponentLink1URL"; Value = "http://www.onsemi.com/"; VariantName = "[No Variations]"
Add component (AddParameter): Name = "ComponentLink2Description"; Value = "Datasheet"; VariantName = "[No Variations]"
Add component (AddParameter): Name = "ComponentLink2URL"; Value = "http://www.onsemi.com/pub_link/Collateral/BC337-D.PDF"; VariantName = "[No Variations]"
Add component (AddParameter): Name = "ComponentLink3Description"; Value = "Package Specification"; VariantName = "[No Variations]"
Add component (AddParameter): Name = "ComponentLink3URL"; Value = "http://www.onsemi.com/pub_link/Collateral/MAC97-D.PDF"; VariantName = "[No Variations]"
Add component (AddParameter): Name = "DatasheetVersion"; Value = "Rev. 8"; VariantName = "[No Variations]"
Add component (AddParameter): Name = "IC Continuous (A)"; Value = "0.8"; VariantName = "[No Variations]"
Add component (AddParameter): Name = "Manufacturer"; Value = "On Semiconductor"; VariantName = "[No Variations]"
Add component (AddParameter): Name = "Mounting Technology"; Value = "Through Hole"; VariantName = "[No Variations]"
Add component (AddParameter): Name = "PackageDescription"; Value = "3-Pin Transistor Outline, Body 4.825 x 3.685 mm, Pitch 1.27 mm"; VariantName = "[No Variations]"
Add component (AddParameter): Name = "PackageReference"; Value = "TO-92-3-29-11_AM_BL"; VariantName = "[No Variations]"
Add component (AddParameter): Name = "PackageVersion"; Value = "Rev. AM"; VariantName = "[No Variations]"
Add component (AddParameter): Name = "Packing"; Value = "Ammo Box"; VariantName = "[No Variations]"
Add component (AddParameter): Name = "PartNumber"; Value = "BC337-40ZL1G"; VariantName = "[No Variations]"
Add component (AddParameter): Name = "Polarity"; Value = "NPN"; VariantName = "[No Variations]"
Add component (AddParameter): Name = "RoHS"; Value = "TRUE"; VariantName = "[No Variations]"
Added Component: Designator=Q5(ONSC-TO-92-3-29-11_AM_BL)
Add component. Clean all parameters for all variants
Add component (AddParameter): Name = "ComponentLink1Description"; Value = "Manufacturer URL"; VariantName = "[No Variations]"
Add component (AddParameter): Name = "ComponentLink1URL"; Value = "http://www.onsemi.com/"; VariantName = "[No Variations]"
Add component (AddParameter): Name = "ComponentLink2Description"; Value = "Datasheet"; VariantName = "[No Variations]"
Add component (AddParameter): Name = "ComponentLink2URL"; Value = "http://www.onsemi.com/pub_link/Collateral/BC337-D.PDF"; VariantName = "[No Variations]"
Add component (AddParameter): Name = "ComponentLink3Description"; Value = "Package Specification"; VariantName = "[No Variations]"
Add component (AddParameter): Name = "ComponentLink3URL"; Value = "http://www.onsemi.com/pub_link/Collateral/MAC97-D.PDF"; VariantName = "[No Variations]"
Add component (AddParameter): Name = "DatasheetVersion"; Value = "Rev. 8"; VariantName = "[No Variations]"
Add component (AddParameter): Name = "IC Continuous (A)"; Value = "0.8"; VariantName = "[No Variations]"
Add component (AddParameter): Name = "Manufacturer"; Value = "On Semiconductor"; VariantName = "[No Variations]"
Add component (AddParameter): Name = "Mounting Technology"; Value = "Through Hole"; VariantName = "[No Variations]"
Add component (AddParameter): Name = "PackageDescription"; Value = "3-Pin Transistor Outline, Body 4.825 x 3.685 mm, Pitch 1.27 mm"; VariantName = "[No Variations]"
Add component (AddParameter): Name = "PackageReference"; Value = "TO-92-3-29-11_AM_BL"; VariantName = "[No Variations]"
Add component (AddParameter): Name = "PackageVersion"; Value = "Rev. AM"; VariantName = "[No Variations]"
Add component (AddParameter): Name = "Packing"; Value = "Ammo Box"; VariantName = "[No Variations]"
Add component (AddParameter): Name = "PartNumber"; Value = "BC337-40ZL1G"; VariantName = "[No Variations]"
Add component (AddParameter): Name = "Polarity"; Value = "NPN"; VariantName = "[No Variations]"
Add component (AddParameter): Name = "RoHS"; Value = "TRUE"; VariantName = "[No Variations]"
Added Component: Designator=R11(AXIAL-0.3)
Add component. Clean all parameters for all variants
Add component (AddParameter): Name = "LatestRevisionDate"; Value = "17-Jul-2002"; VariantName = "[No Variations]"
Add component (AddParameter): Name = "LatestRevisionNote"; Value = "Re-released for DXP Platform."; VariantName = "[No Variations]"
Add component (AddParameter): Name = "PackageDescription"; Value = "Axial Device, Thru-Hole; 2 Leads; 0.3 in Pin Spacing"; VariantName = "[No Variations]"
Add component (AddParameter): Name = "PackageReference"; Value = "AXIAL-0.3"; VariantName = "[No Variations]"
Add component (AddParameter): Name = "Published"; Value = "8-Jun-2000"; VariantName = "[No Variations]"
Add component (AddParameter): Name = "Publisher"; Value = "Altium Limited"; VariantName = "[No Variations]"
Add component (AddParameter): Name = "Value"; Value = "1K"; VariantName = "[No Variations]"
Added Component: Designator=R12(AXIAL-0.3)
Add component. Clean all parameters for all variants
Add component (AddParameter): Name = "LatestRevisionDate"; Value = "17-Jul-2002"; VariantName = "[No Variations]"
Add component (AddParameter): Name = "LatestRevisionNote"; Value = "Re-released for DXP Platform."; VariantName = "[No Variations]"
Add component (AddParameter): Name = "PackageDescription"; Value = "Axial Device, Thru-Hole; 2 Leads; 0.3 in Pin Spacing"; VariantName = "[No Variations]"
Add component (AddParameter): Name = "PackageReference"; Value = "AXIAL-0.3"; VariantName = "[No Variations]"
Add component (AddParameter): Name = "Published"; Value = "8-Jun-2000"; VariantName = "[No Variations]"
Add component (AddParameter): Name = "Publisher"; Value = "Altium Limited"; VariantName = "[No Variations]"
Add component (AddParameter): Name = "Value"; Value = "1K"; VariantName = "[No Variations]"
Added Component: Designator=R16(AXIAL-0.3)
Add component. Clean all parameters for all variants
Add component (AddParameter): Name = "LatestRevisionDate"; Value = "17-Jul-2002"; VariantName = "[No Variations]"
Add component (AddParameter): Name = "LatestRevisionNote"; Value = "Re-released for DXP Platform."; VariantName = "[No Variations]"
Add component (AddParameter): Name = "PackageDescription"; Value = "Axial Device, Thru-Hole; 2 Leads; 0.3 in Pin Spacing"; VariantName = "[No Variations]"
Add component (AddParameter): Name = "PackageReference"; Value = "AXIAL-0.3"; VariantName = "[No Variations]"
Add component (AddParameter): Name = "Published"; Value = "8-Jun-2000"; VariantName = "[No Variations]"
Add component (AddParameter): Name = "Publisher"; Value = "Altium Limited"; VariantName = "[No Variations]"
Add component (AddParameter): Name = "Value"; Value = "1K"; VariantName = "[No Variations]"
Added Component: Designator=R17(AXIAL-0.3)
Add component. Clean all parameters for all variants
Add component (AddParameter): Name = "LatestRevisionDate"; Value = "17-Jul-2002"; VariantName = "[No Variations]"
Add component (AddParameter): Name = "LatestRevisionNote"; Value = "Re-released for DXP Platform."; VariantName = "[No Variations]"
Add component (AddParameter): Name = "PackageDescription"; Value = "Axial Device, Thru-Hole; 2 Leads; 0.3 in Pin Spacing"; VariantName = "[No Variations]"
Add component (AddParameter): Name = "PackageReference"; Value = "AXIAL-0.3"; VariantName = "[No Variations]"
Add component (AddParameter): Name = "Published"; Value = "8-Jun-2000"; VariantName = "[No Variations]"
Add component (AddParameter): Name = "Publisher"; Value = "Altium Limited"; VariantName = "[No Variations]"
Add component (AddParameter): Name = "Value"; Value = "1K"; VariantName = "[No Variations]"
Added Pin To Net: NetName=NetD1_1 Pin=D1-1
Added Pin To Net: NetName=VCC_5V Pin=D1-2
Added Pin To Net: NetName=NetD2_1 Pin=D2-1
Added Pin To Net: NetName=VCC_5V Pin=D2-2
Added Pin To Net: NetName=NetD3_1 Pin=D3-1
Added Pin To Net: NetName=VCC_5V Pin=D3-2
Added Pin To Net: NetName=NetD4_1 Pin=D4-1
Added Pin To Net: NetName=VCC_5V Pin=D4-2
Added Pin To Net: NetName=VCC_5V Pin=K1-1
Added Pin To Net: NetName=NetD1_1 Pin=K1-6
Added Pin To Net: NetName=NetK1_7 Pin=K1-7
Added Pin To Net: NetName=NetK1_10 Pin=K1-10
Added Pin To Net: NetName=NetK1_12 Pin=K1-12
Added Pin To Net: NetName=VCC_5V Pin=K2-1
Added Pin To Net: NetName=NetD2_1 Pin=K2-6
Added Pin To Net: NetName=NetK2_7 Pin=K2-7
Added Pin To Net: NetName=NetK2_10 Pin=K2-10
Added Pin To Net: NetName=NetK2_12 Pin=K2-12
Added Pin To Net: NetName=VCC_5V Pin=K3-1
Added Pin To Net: NetName=NetD3_1 Pin=K3-6
Added Pin To Net: NetName=NetK3_7 Pin=K3-7
Added Pin To Net: NetName=NetK3_10 Pin=K3-10
Added Pin To Net: NetName=NetK3_12 Pin=K3-12
Added Pin To Net: NetName=VCC_5V Pin=K4-1
Added Pin To Net: NetName=NetD4_1 Pin=K4-6
Added Pin To Net: NetName=NetK4_7 Pin=K4-7
Added Pin To Net: NetName=NetK4_10 Pin=K4-10
Added Pin To Net: NetName=NetK4_12 Pin=K4-12
Added Pin To Net: NetName=NetK1_7 Pin=P14-1
Added Pin To Net: NetName=NetK1_10 Pin=P14-2
Added Pin To Net: NetName=NetK1_12 Pin=P14-3
Added Pin To Net: NetName=NetK2_7 Pin=P15-1
Added Pin To Net: NetName=NetK2_10 Pin=P15-2
Added Pin To Net: NetName=NetK2_12 Pin=P15-3
Added Pin To Net: NetName=NetK3_7 Pin=P17-1
Added Pin To Net: NetName=NetK3_10 Pin=P17-2
Added Pin To Net: NetName=NetK3_12 Pin=P17-3
Added Pin To Net: NetName=NetK4_7 Pin=P18-1
Added Pin To Net: NetName=NetK4_10 Pin=P18-2
Added Pin To Net: NetName=NetK4_12 Pin=P18-3
Added Pin To Net: NetName=NetD1_1 Pin=Q2-1
Added Pin To Net: NetName=NetQ2_2 Pin=Q2-2
Added Pin To Net: NetName=GND Pin=Q2-3
Added Pin To Net: NetName=NetD2_1 Pin=Q3-1
Added Pin To Net: NetName=NetQ3_2 Pin=Q3-2
Added Pin To Net: NetName=GND Pin=Q3-3
Added Pin To Net: NetName=NetD3_1 Pin=Q4-1
Added Pin To Net: NetName=NetQ4_2 Pin=Q4-2
Added Pin To Net: NetName=GND Pin=Q4-3
Added Pin To Net: NetName=NetD4_1 Pin=Q5-1
Added Pin To Net: NetName=NetQ5_2 Pin=Q5-2
Added Pin To Net: NetName=GND Pin=Q5-3
Added Pin To Net: NetName=Relais1 Pin=R11-1
Added Pin To Net: NetName=NetQ2_2 Pin=R11-2
Added Pin To Net: NetName=Relais2 Pin=R12-1
Added Pin To Net: NetName=NetQ3_2 Pin=R12-2
Added Pin To Net: NetName=Relais3 Pin=R16-1
Added Pin To Net: NetName=NetQ4_2 Pin=R16-2
Added Pin To Net: NetName=Relais4 Pin=R17-1
Added Pin To Net: NetName=NetQ5_2 Pin=R17-2
Added Pin To Net: NetName=NetC10_1 Pin=C10-1
Added Pin To Net: NetName=NetC10_1 Pin=C11-2
Added Pin To Net: NetName=NetC10_1 Pin=J1-1
Added Pin To Net: NetName=NetC10_1 Pin=Q1-2
Added Pin To Net: NetName=NetC10_1 Pin=U3-4
Added Pin To Net: NetName=NetC10_1 Pin=U3-20
Added Net: Name=NetC10_1
Added Member To Class: ClassName=U_Peripherals Member=Component D1 1N4148
Added Member To Class: ClassName=U_Peripherals Member=Component D2 1N4148
Added Member To Class: ClassName=U_Peripherals Member=Component D3 1N4148
Added Member To Class: ClassName=U_Peripherals Member=Component D4 1N4148
Added Member To Class: ClassName=U_Peripherals Member=Component K1 DS1E-S-DC3V
Added Member To Class: ClassName=U_Peripherals Member=Component K2 DS1E-S-DC3V
Added Member To Class: ClassName=U_Peripherals Member=Component K3 DS1E-S-DC3V
Added Member To Class: ClassName=U_Peripherals Member=Component K4 DS1E-S-DC3V
Added Member To Class: ClassName=U_Peripherals Member=Component P14 SCREW 3WAYS
Added Member To Class: ClassName=U_Peripherals Member=Component P15 SCREW 3WAYS
Added Member To Class: ClassName=U_Peripherals Member=Component P17 SCREW 3WAYS
Added Member To Class: ClassName=U_Peripherals Member=Component P18 SCREW 3WAYS
Added Member To Class: ClassName=U_Peripherals Member=Component Q2 BC337-40ZL1G
Added Member To Class: ClassName=U_Peripherals Member=Component Q3 BC337-40ZL1G
Added Member To Class: ClassName=U_Peripherals Member=Component Q4 BC337-40ZL1G
Added Member To Class: ClassName=U_Peripherals Member=Component Q5 BC337-40ZL1G
Added Member To Class: ClassName=U_Peripherals Member=Component R11 Res1
Added Member To Class: ClassName=U_Peripherals Member=Component R12 Res1
Added Member To Class: ClassName=U_Peripherals Member=Component R16 Res1
Added Member To Class: ClassName=U_Peripherals Member=Component R17 Res1
Added Room: Name=U_Arduino
Added Room: Name=U_Eurocard VME 3U (3
Added Room: Name=U_Peripherals
Added Room: Name=U_Ports
Added Room: Name=U_Serial
