Change Component Designator: Old Designator=#CTS New Designator=#CTS1
Change Component Designator: Old Designator=#DCD New Designator=#DCD1
Change Component Designator: Old Designator=#DSR New Designator=#DSR1
Change Component Designator: Old Designator=#DTR New Designator=#DTR1
Change Component Designator: Old Designator=#RESET New Designator=#RESET1
Change Component Designator: Old Designator=#RI New Designator=#RI1
Change Component Designator: Old Designator=#RTS New Designator=#RTS1
Change Component Designator: Old Designator=C9 New Designator=C10
Change Component Designator: Old Designator=C10 New Designator=C11
Change Component Designator: Old Designator=C11 New Designator=C12
Change Component Designator: Old Designator=C12 New Designator=C13
Change Component Designator: Old Designator=C? New Designator=C1
Change Component Designator: Old Designator=C? New Designator=C2
Change Component Designator: Old Designator=C? New Designator=C3
Change Component Designator: Old Designator=C? New Designator=C4
Change Component Designator: Old Designator=C? New Designator=C5
Change Component Designator: Old Designator=C? New Designator=C6
Change Component Designator: Old Designator=C? New Designator=C7
Change Component Designator: Old Designator=C? New Designator=C8
Change Component Designator: Old Designator=C? New Designator=C9
Change Component Designator: Old Designator=CBUS0 New Designator=CBUS1
Change Component Designator: Old Designator=CBUS1 New Designator=CBUS2
Change Component Designator: Old Designator=CBUS2 New Designator=CBUS3
Change Component Designator: Old Designator=J1 New Designator=J11
Change Component Designator: Old Designator=J4 New Designator=J1
Change Component Designator: Old Designator=J5 New Designator=J2
Change Component Designator: Old Designator=J7 New Designator=J3
Change Component Designator: Old Designator=J8 New Designator=J4
Change Component Designator: Old Designator=J9 New Designator=J5
Change Component Designator: Old Designator=J10 New Designator=J7
Change Component Designator: Old Designator=J11 New Designator=J8
Change Component Designator: Old Designator=J12 New Designator=J9
Change Component Designator: Old Designator=J13 New Designator=J10
Change Component Designator: Old Designator=J14 New Designator=J12
Change Component Designator: Old Designator=LED? New Designator=LED1
Change Component Designator: Old Designator=LED? New Designator=LED2
Change Component Designator: Old Designator=LED? New Designator=LED3
Change Component Designator: Old Designator=LED? New Designator=LED4
Change Component Designator: Old Designator=LED? New Designator=LED5
Change Component Designator: Old Designator=LED? New Designator=LED6
Change Component Designator: Old Designator=P10 New Designator=P7
Change Component Designator: Old Designator=P11 New Designator=P8
Change Component Designator: Old Designator=P12 New Designator=P10
Change Component Designator: Old Designator=P13 New Designator=P11
Change Component Designator: Old Designator=R5 New Designator=R8
Change Component Designator: Old Designator=R8 New Designator=R7
Change Component Designator: Old Designator=R? New Designator=R1
Change Component Designator: Old Designator=R? New Designator=R2
Change Component Designator: Old Designator=R? New Designator=R3
Change Component Designator: Old Designator=R? New Designator=R4
Change Component Designator: Old Designator=R? New Designator=R5
